<?xml version="1.0" encoding="UTF-8"?>
<testsuite xmlns:xsi="http://www.w3.org/2001/XMLSchema-instance" xsi:noNamespaceSchemaLocation="https://maven.apache.org/surefire/maven-surefire-plugin/xsd/surefire-test-report.xsd" version="3.0.2" name="himedia.myportal.MyportalSbApplicationTests" time="3.974" tests="1" errors="0" skipped="0" failures="0">
  <properties>
[...]
</properties>
  <testcase name="contextLoads" classname="himedia.myportal.MyportalSbApplicationTests" time="1.007">
    <system-out><![CDATA[11:34:00.870 [main] INFO org.springframework.test.context.support.AnnotationConfigContextLoaderUtils -- Could not detect default configuration classes for test class [himedia.myportal.MyportalSbApplicationTests]: MyportalSbApplicationTests does not declare any static, non-private, non-final, nested classes annotated with @Configuration.
11:34:01.004 [main] INFO org.springframework.boot.test.context.SpringBootTestContextBootstrapper -- Found @SpringBootConfiguration himedia.myportal.MyportalSbApplication for test class himedia.myportal.MyportalSbApplicationTests
11:34:01.256 [main] INFO org.springframework.boot.devtools.restart.RestartApplicationListener -- Restart disabled due to context in which it is running

  .   ____          _            __ _ _
 /\\ / ___'_ __ _ _(_)_ __  __ _ \ \ \ \
( ( )\___ | '_ | '_| | '_ \/ _` | \ \ \ \
 \\/  ___)| |_)| | | | | || (_| |  ) ) ) )
  '  |____| .__|_| |_|_| |_\__, | / / / /
 =========|_|==============|___/=/_/_/_/

 :: Spring Boot ::                (v3.4.1)

2025-01-24T11:34:01.565+09:00  INFO 15572 --- [myportal-sb] [           main] h.myportal.MyportalSbApplicationTests    : Starting MyportalSbApplicationTests using Java 17.0.13 with PID 15572 (started by 202-14 in C:\Users\202-14\Documents\workspace-sb\myportal-sb22222)
2025-01-24T11:34:01.568+09:00 DEBUG 15572 --- [myportal-sb] [           main] h.myportal.MyportalSbApplicationTests    : Running with Spring Boot v3.4.1, Spring v6.2.1
2025-01-24T11:34:01.569+09:00  INFO 15572 --- [myportal-sb] [           main] h.myportal.MyportalSbApplicationTests    : No active profile set, falling back to 1 default profile: "default"
2025-01-24T11:34:03.636+09:00  INFO 15572 --- [myportal-sb] [           main] h.myportal.MyportalSbApplicationTests    : Started MyportalSbApplicationTests in 2.394 seconds (process running for 3.655)
]]></system-out>
  </testcase>
</testsuite>